[15-Jan-2019 03:15:30 UTC] PHP Warning:  Use of undefined constant DB_USER - assumed 'DB_USER' (this will throw an Error in a future version of PHP) in /app/public/wp-includes/load.php on line 404
[15-Jan-2019 03:15:30 UTC] PHP Warning:  Use of undefined constant DB_PASSWORD - assumed 'DB_PASSWORD' (this will throw an Error in a future version of PHP) in /app/public/wp-includes/load.php on line 404
[15-Jan-2019 03:15:30 UTC] PHP Warning:  Use of undefined constant DB_NAME - assumed 'DB_NAME' (this will throw an Error in a future version of PHP) in /app/public/wp-includes/load.php on line 404
[15-Jan-2019 03:15:30 UTC] PHP Warning:  Use of undefined constant DB_HOST - assumed 'DB_HOST' (this will throw an Error in a future version of PHP) in /app/public/wp-includes/load.php on line 404
[15-Jan-2019 03:15:34 UTC] PHP Warning:  Use of undefined constant DB_USER - assumed 'DB_USER' (this will throw an Error in a future version of PHP) in /app/public/wp-includes/load.php on line 404
[15-Jan-2019 03:15:34 UTC] PHP Warning:  Use of undefined constant DB_PASSWORD - assumed 'DB_PASSWORD' (this will throw an Error in a future version of PHP) in /app/public/wp-includes/load.php on line 404
[15-Jan-2019 03:15:34 UTC] PHP Warning:  Use of undefined constant DB_NAME - assumed 'DB_NAME' (this will throw an Error in a future version of PHP) in /app/public/wp-includes/load.php on line 404
[15-Jan-2019 03:15:34 UTC] PHP Warning:  Use of undefined constant DB_HOST - assumed 'DB_HOST' (this will throw an Error in a future version of PHP) in /app/public/wp-includes/load.php on line 404
[15-Jan-2019 03:15:42 UTC] PHP Warning:  Use of undefined constant DB_USER - assumed 'DB_USER' (this will throw an Error in a future version of PHP) in /app/public/wp-includes/load.php on line 404
[15-Jan-2019 03:15:42 UTC] PHP Warning:  Use of undefined constant DB_PASSWORD - assumed 'DB_PASSWORD' (this will throw an Error in a future version of PHP) in /app/public/wp-includes/load.php on line 404
[15-Jan-2019 03:15:42 UTC] PHP Warning:  Use of undefined constant DB_NAME - assumed 'DB_NAME' (this will throw an Error in a future version of PHP) in /app/public/wp-includes/load.php on line 404
[15-Jan-2019 03:15:42 UTC] PHP Warning:  Use of undefined constant DB_HOST - assumed 'DB_HOST' (this will throw an Error in a future version of PHP) in /app/public/wp-includes/load.php on line 404
[15-Jan-2019 03:15:42 UTC] PHP Warning:  Use of undefined constant DB_USER - assumed 'DB_USER' (this will throw an Error in a future version of PHP) in /app/public/wp-includes/load.php on line 404
[15-Jan-2019 03:15:42 UTC] PHP Warning:  Use of undefined constant DB_PASSWORD - assumed 'DB_PASSWORD' (this will throw an Error in a future version of PHP) in /app/public/wp-includes/load.php on line 404
[15-Jan-2019 03:15:42 UTC] PHP Warning:  Use of undefined constant DB_NAME - assumed 'DB_NAME' (this will throw an Error in a future version of PHP) in /app/public/wp-includes/load.php on line 404
[15-Jan-2019 03:15:42 UTC] PHP Warning:  Use of undefined constant DB_HOST - assumed 'DB_HOST' (this will throw an Error in a future version of PHP) in /app/public/wp-includes/load.php on line 404
[15-Jan-2019 03:16:02 UTC] PHP Warning:  Use of undefined constant DB_USER - assumed 'DB_USER' (this will throw an Error in a future version of PHP) in /app/public/wp-includes/load.php on line 404
[15-Jan-2019 03:16:02 UTC] PHP Warning:  Use of undefined constant DB_PASSWORD - assumed 'DB_PASSWORD' (this will throw an Error in a future version of PHP) in /app/public/wp-includes/load.php on line 404
[15-Jan-2019 03:16:02 UTC] PHP Warning:  Use of undefined constant DB_NAME - assumed 'DB_NAME' (this will throw an Error in a future version of PHP) in /app/public/wp-includes/load.php on line 404
[15-Jan-2019 03:16:02 UTC] PHP Warning:  Use of undefined constant DB_HOST - assumed 'DB_HOST' (this will throw an Error in a future version of PHP) in /app/public/wp-includes/load.php on line 404
[15-Jan-2019 03:16:03 UTC] PHP Warning:  Use of undefined constant DB_USER - assumed 'DB_USER' (this will throw an Error in a future version of PHP) in /app/public/wp-includes/load.php on line 404
[15-Jan-2019 03:16:03 UTC] PHP Warning:  Use of undefined constant DB_PASSWORD - assumed 'DB_PASSWORD' (this will throw an Error in a future version of PHP) in /app/public/wp-includes/load.php on line 404
[15-Jan-2019 03:16:03 UTC] PHP Warning:  Use of undefined constant DB_NAME - assumed 'DB_NAME' (this will throw an Error in a future version of PHP) in /app/public/wp-includes/load.php on line 404
[15-Jan-2019 03:16:03 UTC] PHP Warning:  Use of undefined constant DB_HOST - assumed 'DB_HOST' (this will throw an Error in a future version of PHP) in /app/public/wp-includes/load.php on line 404
[15-Jan-2019 03:16:28 UTC] PHP Warning:  Use of undefined constant DB_USER - assumed 'DB_USER' (this will throw an Error in a future version of PHP) in /app/public/wp-includes/load.php on line 404
[15-Jan-2019 03:16:28 UTC] PHP Warning:  Use of undefined constant DB_PASSWORD - assumed 'DB_PASSWORD' (this will throw an Error in a future version of PHP) in /app/public/wp-includes/load.php on line 404
[15-Jan-2019 03:16:28 UTC] PHP Warning:  Use of undefined constant DB_NAME - assumed 'DB_NAME' (this will throw an Error in a future version of PHP) in /app/public/wp-includes/load.php on line 404
[15-Jan-2019 03:16:28 UTC] PHP Warning:  Use of undefined constant DB_HOST - assumed 'DB_HOST' (this will throw an Error in a future version of PHP) in /app/public/wp-includes/load.php on line 404
[15-Jan-2019 03:16:28 UTC] PHP Warning:  Use of undefined constant DB_USER - assumed 'DB_USER' (this will throw an Error in a future version of PHP) in /app/public/wp-includes/load.php on line 404
[15-Jan-2019 03:16:28 UTC] PHP Warning:  Use of undefined constant DB_PASSWORD - assumed 'DB_PASSWORD' (this will throw an Error in a future version of PHP) in /app/public/wp-includes/load.php on line 404
[15-Jan-2019 03:16:28 UTC] PHP Warning:  Use of undefined constant DB_NAME - assumed 'DB_NAME' (this will throw an Error in a future version of PHP) in /app/public/wp-includes/load.php on line 404
[15-Jan-2019 03:16:28 UTC] PHP Warning:  Use of undefined constant DB_HOST - assumed 'DB_HOST' (this will throw an Error in a future version of PHP) in /app/public/wp-includes/load.php on line 404
[15-Jan-2019 03:16:31 UTC] PHP Warning:  Use of undefined constant DB_USER - assumed 'DB_USER' (this will throw an Error in a future version of PHP) in /app/public/wp-includes/load.php on line 404
[15-Jan-2019 03:16:31 UTC] PHP Warning:  Use of undefined constant DB_PASSWORD - assumed 'DB_PASSWORD' (this will throw an Error in a future version of PHP) in /app/public/wp-includes/load.php on line 404
[15-Jan-2019 03:16:31 UTC] PHP Warning:  Use of undefined constant DB_NAME - assumed 'DB_NAME' (this will throw an Error in a future version of PHP) in /app/public/wp-includes/load.php on line 404
[15-Jan-2019 03:16:31 UTC] PHP Warning:  Use of undefined constant DB_HOST - assumed 'DB_HOST' (this will throw an Error in a future version of PHP) in /app/public/wp-includes/load.php on line 404
[15-Jan-2019 03:16:33 UTC] PHP Warning:  Use of undefined constant DB_USER - assumed 'DB_USER' (this will throw an Error in a future version of PHP) in /app/public/wp-includes/load.php on line 404
[15-Jan-2019 03:16:33 UTC] PHP Warning:  Use of undefined constant DB_PASSWORD - assumed 'DB_PASSWORD' (this will throw an Error in a future version of PHP) in /app/public/wp-includes/load.php on line 404
[15-Jan-2019 03:16:33 UTC] PHP Warning:  Use of undefined constant DB_NAME - assumed 'DB_NAME' (this will throw an Error in a future version of PHP) in /app/public/wp-includes/load.php on line 404
[15-Jan-2019 03:16:33 UTC] PHP Warning:  Use of undefined constant DB_HOST - assumed 'DB_HOST' (this will throw an Error in a future version of PHP) in /app/public/wp-includes/load.php on line 404
[15-Jan-2019 03:16:33 UTC] PHP Warning:  Use of undefined constant DB_USER - assumed 'DB_USER' (this will throw an Error in a future version of PHP) in /app/public/wp-includes/load.php on line 404
[15-Jan-2019 03:16:33 UTC] PHP Warning:  Use of undefined constant DB_PASSWORD - assumed 'DB_PASSWORD' (this will throw an Error in a future version of PHP) in /app/public/wp-includes/load.php on line 404
[15-Jan-2019 03:16:33 UTC] PHP Warning:  Use of undefined constant DB_NAME - assumed 'DB_NAME' (this will throw an Error in a future version of PHP) in /app/public/wp-includes/load.php on line 404
[15-Jan-2019 03:16:33 UTC] PHP Warning:  Use of undefined constant DB_HOST - assumed 'DB_HOST' (this will throw an Error in a future version of PHP) in /app/public/wp-includes/load.php on line 404
[15-Jan-2019 03:16:38 UTC] PHP Warning:  Use of undefined constant DB_USER - assumed 'DB_USER' (this will throw an Error in a future version of PHP) in /app/public/wp-includes/load.php on line 404
[15-Jan-2019 03:16:38 UTC] PHP Warning:  Use of undefined constant DB_PASSWORD - assumed 'DB_PASSWORD' (this will throw an Error in a future version of PHP) in /app/public/wp-includes/load.php on line 404
[15-Jan-2019 03:16:38 UTC] PHP Warning:  Use of undefined constant DB_NAME - assumed 'DB_NAME' (this will throw an Error in a future version of PHP) in /app/public/wp-includes/load.php on line 404
[15-Jan-2019 03:16:38 UTC] PHP Warning:  Use of undefined constant DB_HOST - assumed 'DB_HOST' (this will throw an Error in a future version of PHP) in /app/public/wp-includes/load.php on line 404
[15-Jan-2019 03:17:32 UTC] PHP Warning:  Use of undefined constant DB_USER - assumed 'DB_USER' (this will throw an Error in a future version of PHP) in /app/public/wp-includes/load.php on line 404
[15-Jan-2019 03:17:32 UTC] PHP Warning:  Use of undefined constant DB_PASSWORD - assumed 'DB_PASSWORD' (this will throw an Error in a future version of PHP) in /app/public/wp-includes/load.php on line 404
[15-Jan-2019 03:17:32 UTC] PHP Warning:  Use of undefined constant DB_NAME - assumed 'DB_NAME' (this will throw an Error in a future version of PHP) in /app/public/wp-includes/load.php on line 404
[15-Jan-2019 03:17:32 UTC] PHP Warning:  Use of undefined constant DB_HOST - assumed 'DB_HOST' (this will throw an Error in a future version of PHP) in /app/public/wp-includes/load.php on line 404
[15-Jan-2019 03:17:32 UTC] PHP Warning:  Use of undefined constant DB_USER - assumed 'DB_USER' (this will throw an Error in a future version of PHP) in /app/public/wp-includes/load.php on line 404
[15-Jan-2019 03:17:32 UTC] PHP Warning:  Use of undefined constant DB_PASSWORD - assumed 'DB_PASSWORD' (this will throw an Error in a future version of PHP) in /app/public/wp-includes/load.php on line 404
[15-Jan-2019 03:17:32 UTC] PHP Warning:  Use of undefined constant DB_NAME - assumed 'DB_NAME' (this will throw an Error in a future version of PHP) in /app/public/wp-includes/load.php on line 404
[15-Jan-2019 03:17:32 UTC] PHP Warning:  Use of undefined constant DB_HOST - assumed 'DB_HOST' (this will throw an Error in a future version of PHP) in /app/public/wp-includes/load.php on line 404
[15-Jan-2019 03:17:39 UTC] PHP Warning:  Use of undefined constant DB_USER - assumed 'DB_USER' (this will throw an Error in a future version of PHP) in /app/public/wp-includes/load.php on line 404
[15-Jan-2019 03:17:39 UTC] PHP Warning:  Use of undefined constant DB_PASSWORD - assumed 'DB_PASSWORD' (this will throw an Error in a future version of PHP) in /app/public/wp-includes/load.php on line 404
[15-Jan-2019 03:17:39 UTC] PHP Warning:  Use of undefined constant DB_NAME - assumed 'DB_NAME' (this will throw an Error in a future version of PHP) in /app/public/wp-includes/load.php on line 404
[15-Jan-2019 03:17:39 UTC] PHP Warning:  Use of undefined constant DB_HOST - assumed 'DB_HOST' (this will throw an Error in a future version of PHP) in /app/public/wp-includes/load.php on line 404
[15-Jan-2019 03:18:11 UTC] PHP Warning:  Use of undefined constant DB_USER - assumed 'DB_USER' (this will throw an Error in a future version of PHP) in /app/public/wp-includes/load.php on line 404
[15-Jan-2019 03:18:11 UTC] PHP Warning:  Use of undefined constant DB_PASSWORD - assumed 'DB_PASSWORD' (this will throw an Error in a future version of PHP) in /app/public/wp-includes/load.php on line 404
[15-Jan-2019 03:18:11 UTC] PHP Warning:  Use of undefined constant DB_NAME - assumed 'DB_NAME' (this will throw an Error in a future version of PHP) in /app/public/wp-includes/load.php on line 404
[15-Jan-2019 03:18:11 UTC] PHP Warning:  Use of undefined constant DB_HOST - assumed 'DB_HOST' (this will throw an Error in a future version of PHP) in /app/public/wp-includes/load.php on line 404
[15-Jan-2019 03:18:13 UTC] PHP Warning:  Use of undefined constant DB_USER - assumed 'DB_USER' (this will throw an Error in a future version of PHP) in /app/public/wp-includes/load.php on line 404
[15-Jan-2019 03:18:13 UTC] PHP Warning:  Use of undefined constant DB_PASSWORD - assumed 'DB_PASSWORD' (this will throw an Error in a future version of PHP) in /app/public/wp-includes/load.php on line 404
[15-Jan-2019 03:18:13 UTC] PHP Warning:  Use of undefined constant DB_NAME - assumed 'DB_NAME' (this will throw an Error in a future version of PHP) in /app/public/wp-includes/load.php on line 404
[15-Jan-2019 03:18:13 UTC] PHP Warning:  Use of undefined constant DB_HOST - assumed 'DB_HOST' (this will throw an Error in a future version of PHP) in /app/public/wp-includes/load.php on line 404
[15-Jan-2019 03:18:40 UTC] PHP Warning:  Use of undefined constant DB_USER - assumed 'DB_USER' (this will throw an Error in a future version of PHP) in /app/public/wp-includes/load.php on line 404
[15-Jan-2019 03:18:40 UTC] PHP Warning:  Use of undefined constant DB_PASSWORD - assumed 'DB_PASSWORD' (this will throw an Error in a future version of PHP) in /app/public/wp-includes/load.php on line 404
[15-Jan-2019 03:18:40 UTC] PHP Warning:  Use of undefined constant DB_NAME - assumed 'DB_NAME' (this will throw an Error in a future version of PHP) in /app/public/wp-includes/load.php on line 404
[15-Jan-2019 03:18:40 UTC] PHP Warning:  Use of undefined constant DB_HOST - assumed 'DB_HOST' (this will throw an Error in a future version of PHP) in /app/public/wp-includes/load.php on line 404
[15-Jan-2019 03:18:40 UTC] PHP Warning:  Use of undefined constant DB_USER - assumed 'DB_USER' (this will throw an Error in a future version of PHP) in /app/public/wp-includes/load.php on line 404
[15-Jan-2019 03:18:40 UTC] PHP Warning:  Use of undefined constant DB_PASSWORD - assumed 'DB_PASSWORD' (this will throw an Error in a future version of PHP) in /app/public/wp-includes/load.php on line 404
[15-Jan-2019 03:18:40 UTC] PHP Warning:  Use of undefined constant DB_NAME - assumed 'DB_NAME' (this will throw an Error in a future version of PHP) in /app/public/wp-includes/load.php on line 404
[15-Jan-2019 03:18:40 UTC] PHP Warning:  Use of undefined constant DB_HOST - assumed 'DB_HOST' (this will throw an Error in a future version of PHP) in /app/public/wp-includes/load.php on line 404
[15-Jan-2019 03:18:42 UTC] PHP Warning:  Use of undefined constant DB_USER - assumed 'DB_USER' (this will throw an Error in a future version of PHP) in /app/public/wp-includes/load.php on line 404
[15-Jan-2019 03:18:42 UTC] PHP Warning:  Use of undefined constant DB_PASSWORD - assumed 'DB_PASSWORD' (this will throw an Error in a future version of PHP) in /app/public/wp-includes/load.php on line 404
[15-Jan-2019 03:18:42 UTC] PHP Warning:  Use of undefined constant DB_NAME - assumed 'DB_NAME' (this will throw an Error in a future version of PHP) in /app/public/wp-includes/load.php on line 404
[15-Jan-2019 03:18:42 UTC] PHP Warning:  Use of undefined constant DB_HOST - assumed 'DB_HOST' (this will throw an Error in a future version of PHP) in /app/public/wp-includes/load.php on line 404
[15-Jan-2019 03:18:54 UTC] PHP Warning:  Use of undefined constant DB_USER - assumed 'DB_USER' (this will throw an Error in a future version of PHP) in /app/public/wp-includes/load.php on line 404
[15-Jan-2019 03:18:54 UTC] PHP Warning:  Use of undefined constant DB_PASSWORD - assumed 'DB_PASSWORD' (this will throw an Error in a future version of PHP) in /app/public/wp-includes/load.php on line 404
[15-Jan-2019 03:18:54 UTC] PHP Warning:  Use of undefined constant DB_NAME - assumed 'DB_NAME' (this will throw an Error in a future version of PHP) in /app/public/wp-includes/load.php on line 404
[15-Jan-2019 03:18:54 UTC] PHP Warning:  Use of undefined constant DB_HOST - assumed 'DB_HOST' (this will throw an Error in a future version of PHP) in /app/public/wp-includes/load.php on line 404
[15-Jan-2019 03:18:54 UTC] PHP Warning:  Use of undefined constant DB_USER - assumed 'DB_USER' (this will throw an Error in a future version of PHP) in /app/public/wp-includes/load.php on line 404
[15-Jan-2019 03:18:54 UTC] PHP Warning:  Use of undefined constant DB_PASSWORD - assumed 'DB_PASSWORD' (this will throw an Error in a future version of PHP) in /app/public/wp-includes/load.php on line 404
[15-Jan-2019 03:18:54 UTC] PHP Warning:  Use of undefined constant DB_NAME - assumed 'DB_NAME' (this will throw an Error in a future version of PHP) in /app/public/wp-includes/load.php on line 404
[15-Jan-2019 03:18:54 UTC] PHP Warning:  Use of undefined constant DB_HOST - assumed 'DB_HOST' (this will throw an Error in a future version of PHP) in /app/public/wp-includes/load.php on line 404
[15-Jan-2019 03:19:07 UTC] PHP Warning:  Use of undefined constant DB_USER - assumed 'DB_USER' (this will throw an Error in a future version of PHP) in /app/public/wp-includes/load.php on line 404
[15-Jan-2019 03:19:07 UTC] PHP Warning:  Use of undefined constant DB_PASSWORD - assumed 'DB_PASSWORD' (this will throw an Error in a future version of PHP) in /app/public/wp-includes/load.php on line 404
[15-Jan-2019 03:19:07 UTC] PHP Warning:  Use of undefined constant DB_NAME - assumed 'DB_NAME' (this will throw an Error in a future version of PHP) in /app/public/wp-includes/load.php on line 404
[15-Jan-2019 03:19:07 UTC] PHP Warning:  Use of undefined constant DB_HOST - assumed 'DB_HOST' (this will throw an Error in a future version of PHP) in /app/public/wp-includes/load.php on line 404
[15-Jan-2019 03:21:27 UTC] PHP Warning:  Use of undefined constant DB_USER - assumed 'DB_USER' (this will throw an Error in a future version of PHP) in /app/public/wp-includes/load.php on line 404
[15-Jan-2019 03:21:27 UTC] PHP Warning:  Use of undefined constant DB_PASSWORD - assumed 'DB_PASSWORD' (this will throw an Error in a future version of PHP) in /app/public/wp-includes/load.php on line 404
[15-Jan-2019 03:21:27 UTC] PHP Warning:  Use of undefined constant DB_NAME - assumed 'DB_NAME' (this will throw an Error in a future version of PHP) in /app/public/wp-includes/load.php on line 404
[15-Jan-2019 03:21:27 UTC] PHP Warning:  Use of undefined constant DB_HOST - assumed 'DB_HOST' (this will throw an Error in a future version of PHP) in /app/public/wp-includes/load.php on line 404
[15-Jan-2019 03:21:28 UTC] PHP Warning:  Use of undefined constant DB_USER - assumed 'DB_USER' (this will throw an Error in a future version of PHP) in /app/public/wp-includes/load.php on line 404
[15-Jan-2019 03:21:28 UTC] PHP Warning:  Use of undefined constant DB_PASSWORD - assumed 'DB_PASSWORD' (this will throw an Error in a future version of PHP) in /app/public/wp-includes/load.php on line 404
[15-Jan-2019 03:21:28 UTC] PHP Warning:  Use of undefined constant DB_NAME - assumed 'DB_NAME' (this will throw an Error in a future version of PHP) in /app/public/wp-includes/load.php on line 404
[15-Jan-2019 03:21:28 UTC] PHP Warning:  Use of undefined constant DB_HOST - assumed 'DB_HOST' (this will throw an Error in a future version of PHP) in /app/public/wp-includes/load.php on line 404
[15-Jan-2019 03:23:27 UTC] PHP Warning:  Use of undefined constant DB_USER - assumed 'DB_USER' (this will throw an Error in a future version of PHP) in /app/public/wp-includes/load.php on line 404
[15-Jan-2019 03:23:27 UTC] PHP Warning:  Use of undefined constant DB_PASSWORD - assumed 'DB_PASSWORD' (this will throw an Error in a future version of PHP) in /app/public/wp-includes/load.php on line 404
[15-Jan-2019 03:23:27 UTC] PHP Warning:  Use of undefined constant DB_NAME - assumed 'DB_NAME' (this will throw an Error in a future version of PHP) in /app/public/wp-includes/load.php on line 404
[15-Jan-2019 03:23:27 UTC] PHP Warning:  Use of undefined constant DB_HOST - assumed 'DB_HOST' (this will throw an Error in a future version of PHP) in /app/public/wp-includes/load.php on line 404
[15-Jan-2019 03:23:27 UTC] WordPress database error Unknown column 'wp_' in 'field list' for query SELECT wp_
[15-Jan-2019 03:30:05 UTC] PHP Warning:  Use of undefined constant DB_USER - assumed 'DB_USER' (this will throw an Error in a future version of PHP) in /app/public/wp-includes/load.php on line 404
[15-Jan-2019 03:30:05 UTC] PHP Warning:  Use of undefined constant DB_PASSWORD - assumed 'DB_PASSWORD' (this will throw an Error in a future version of PHP) in /app/public/wp-includes/load.php on line 404
[15-Jan-2019 03:30:05 UTC] PHP Warning:  Use of undefined constant DB_NAME - assumed 'DB_NAME' (this will throw an Error in a future version of PHP) in /app/public/wp-includes/load.php on line 404
[15-Jan-2019 03:30:05 UTC] PHP Warning:  Use of undefined constant DB_HOST - assumed 'DB_HOST' (this will throw an Error in a future version of PHP) in /app/public/wp-includes/load.php on line 404
[15-Jan-2019 08:45:39 UTC] PHP Parse error:  syntax error, unexpected '<' in /app/public/wp-content/themes/betheme-child/header.php on line 168
